#
# There is insufficient memory for the Java Runtime Environment to continue.
# Native memory allocation (malloc) failed to allocate 1151376 bytes for Chunk::new
# Possible reasons:
#   The system is out of physical RAM or swap space
#   In 32 bit mode, the process size limit was hit
# Possible solutions:
#   Reduce memory load on the system
#   Increase physical memory or swap space
#   Check if swap backing store is full
#   Use 64 bit Java on a 64 bit OS
#   Decrease Java heap size (-Xmx/-Xms)
#   Decrease number of Java threads
#   Decrease Java thread stack sizes (-Xss)
#   Set larger code cache with -XX:ReservedCodeCacheSize=
# This output file may be truncated or incomplete.
#
#  Out of Memory Error (allocation.cpp:390), pid=11236, tid=0x0000000000006290
#
# JRE version: OpenJDK Runtime Environment (8.0_152-b01) (build 1.8.0_152-release-1248-b01)
# Java VM: OpenJDK 64-Bit Server VM (25.152-b01 mixed mode windows-amd64 compressed oops)
# Failed to write core dump. Minidumps are not enabled by default on client versions of Windows
#

---------------  T H R E A D  ---------------

Current thread (0x0000000018fcd000):  JavaThread "C2 CompilerThread2" daemon [_thread_in_native, id=25232, stack(0x0000000019990000,0x0000000019a90000)]

Stack: [0x0000000019990000,0x0000000019a90000]
[error occurred during error reporting (printing stack bounds), id 0xc0000005]

Native frames: (J=compiled Java code, j=interpreted, Vv=VM code, C=native code)


Current CompileTask:
C2:  10072 2473       4       java.io.WinNTFileSystem::normalize (143 bytes)


---------------  P R O C E S S  ---------------

Java Threads: ( => current thread )
  0x000000001d2e0000 JavaThread "Build operations Thread 8" [_thread_blocked, id=25116, stack(0x0000000023460000,0x0000000023560000)]
  0x000000001d2e3000 JavaThread "Build operations Thread 7" [_thread_blocked, id=25176, stack(0x0000000023360000,0x0000000023460000)]
  0x000000001d2e2000 JavaThread "Build operations Thread 6" [_thread_blocked, id=5624, stack(0x0000000023260000,0x0000000023360000)]
  0x000000001d2d7000 JavaThread "Build operations Thread 5" [_thread_blocked, id=20948, stack(0x0000000023160000,0x0000000023260000)]
  0x000000001d2dd800 JavaThread "Build operations Thread 4" [_thread_blocked, id=11304, stack(0x0000000023060000,0x0000000023160000)]
  0x000000001d2dd000 JavaThread "Build operations Thread 3" [_thread_blocked, id=9396, stack(0x0000000022f60000,0x0000000023060000)]
  0x000000001d2d6000 JavaThread "Build operations Thread 2" [_thread_blocked, id=4680, stack(0x0000000022e60000,0x0000000022f60000)]
  0x000000001d2dc000 JavaThread "Build operations" [_thread_blocked, id=5836, stack(0x0000000022d60000,0x0000000022e60000)]
  0x000000001d2db800 JavaThread "Cache worker for Artifact transforms cache (C:\Users\faaiz\.gradle\caches\transforms-1)" [_thread_blocked, id=9620, stack(0x0000000022c60000,0x0000000022d60000)]
  0x000000001d2da800 JavaThread "Cache worker for cache directory md-rule (C:\Users\faaiz\.gradle\caches\4.10.1\md-rule)" [_thread_blocked, id=8700, stack(0x0000000022800000,0x0000000022900000)]
  0x000000001d2d8800 JavaThread "Cache worker for cache directory md-supplier (C:\Users\faaiz\.gradle\caches\4.10.1\md-supplier)" [_thread_blocked, id=23784, stack(0x0000000021490000,0x0000000021590000)]
  0x000000001afd0800 JavaThread "Cache worker for journal cache (C:\Users\faaiz\.gradle\caches\journal-1)" [_thread_blocked, id=8516, stack(0x000000001eb80000,0x000000001ec80000)]
  0x000000001afcf800 JavaThread "Cache worker for file hash cache (C:\Users\faaiz\Documents\GitHub\Appeatite\CustomerClient\.gradle\4.10.1\fileHashes)" [_thread_blocked, id=10700, stack(0x000000001dab0000,0x000000001dbb0000)]
  0x000000001afce000 JavaThread "File lock request listener" [_thread_in_native, id=22848, stack(0x000000001d9b0000,0x000000001dab0000)]
  0x000000001afcd000 JavaThread "Cache worker for file hash cache (C:\Users\faaiz\.gradle\caches\4.10.1\fileHashes)" [_thread_blocked, id=24596, stack(0x000000001d8b0000,0x000000001d9b0000)]
  0x0000000018fe9800 JavaThread "Stdin handler" [_thread_blocked, id=24672, stack(0x000000001c3e0000,0x000000001c4e0000)]
  0x000000001afd9000 JavaThread "Asynchronous log dispatcher for DefaultDaemonConnection: socket connection from /127.0.0.1:52612 to /127.0.0.1:52613" [_thread_blocked, id=11300, stack(0x000000001c1e0000,0x000000001c2e0000)]
  0x000000001afcc800 JavaThread "Daemon worker" [_thread_blocked, id=24088, stack(0x000000001c0e0000,0x000000001c1e0000)]
  0x000000001afcc000 JavaThread "Cancel handler" [_thread_blocked, id=13632, stack(0x000000001bfe0000,0x000000001c0e0000)]
  0x000000001afe4800 JavaThread "Handler for socket connection from /127.0.0.1:52612 to /127.0.0.1:52613" [_thread_in_native, id=16060, stack(0x000000001bee0000,0x000000001bfe0000)]
  0x000000001afe4000 JavaThread "Daemon" [_thread_blocked, id=16056, stack(0x000000001bde0000,0x000000001bee0000)]
  0x000000001ae86800 JavaThread "Daemon periodic checks" [_thread_blocked, id=4072, stack(0x000000001bce0000,0x000000001bde0000)]
  0x0000000019e2c800 JavaThread "Incoming local TCP Connector on port 52612" [_thread_in_native, id=20572, stack(0x000000001baa0000,0x000000001bba0000)]
  0x000000001906e800 JavaThread "Service Thread" daemon [_thread_blocked, id=21968, stack(0x0000000019b90000,0x0000000019c90000)]
  0x0000000018fdd800 JavaThread "C1 CompilerThread3" daemon [_thread_in_vm, id=7072, stack(0x0000000019a90000,0x0000000019b90000)]
=>0x0000000018fcd000 JavaThread "C2 CompilerThread2" daemon [_thread_in_native, id=25232, stack(0x0000000019990000,0x0000000019a90000)]
  0x0000000018fc9000 JavaThread "C2 CompilerThread1" daemon [_thread_blocked, id=22112, stack(0x0000000019890000,0x0000000019990000)]
  0x0000000018fd6000 JavaThread "C2 CompilerThread0" daemon [_thread_blocked, id=24888, stack(0x0000000019790000,0x0000000019890000)]
  0x0000000018fd4800 JavaThread "Attach Listener" daemon [_thread_blocked, id=7388, stack(0x0000000019690000,0x0000000019790000)]
  0x0000000018fd1800 JavaThread "Signal Dispatcher" daemon [_thread_blocked, id=8452, stack(0x0000000019590000,0x0000000019690000)]
  0x0000000018fc0800 JavaThread "Finalizer" daemon [_thread_blocked, id=20516, stack(0x00000000193a0000,0x00000000194a0000)]
  0x00000000170bc000 JavaThread "Reference Handler" daemon [_thread_blocked, id=19452, stack(0x0000000018ea0000,0x0000000018fa0000)]
  0x00000000030fe000 JavaThread "main" [_thread_blocked, id=17976, stack(0x0000000003100000,0x0000000003200000)]

Other Threads:
  0x00000000170b5800 VMThread [stack: 0x0000000018da0000,0x0000000018ea0000] [id=25336]
  0x000000001906f000 WatcherThread [stack: 0x0000000019c90000,0x0000000019d90000] [id=20452]

VM state:not at safepoint (normal execution)

VM Mutex/Monitor currently owned by a thread: None

Heap:
 PSYoungGen      total 70656K, used 54467K [0x00000000e0000000, 0x00000000e6480000, 0x0000000100000000)
  eden space 59904K, 79% used [0x00000000e0000000,0x00000000e2ebfa20,0x00000000e3a80000)
  from space 10752K, 61% used [0x00000000e3a80000,0x00000000e40f14f8,0x00000000e4500000)
  to   space 10240K, 0% used [0x00000000e5a80000,0x00000000e5a80000,0x00000000e6480000)
 ParOldGen       total 61440K, used 8770K [0x00000000a0000000, 0x00000000a3c00000, 0x00000000e0000000)
  object space 61440K, 14% used [0x00000000a0000000,0x00000000a0890990,0x00000000a3c00000)
 Metaspace       used 30216K, capacity 30610K, committed 30848K, reserved 1075200K
  class space    used 4209K, capacity 4362K, committed 4480K, reserved 1048576K

Card table byte_map: [0x00000000126c0000,0x00000000129d0000] byte_map_base: 0x00000000121c0000

Marking Bits: (ParMarkBitMap*) 0x000000006d505aa0
 Begin Bits: [0x00000000133d0000, 0x0000000014bd0000)
 End Bits:   [0x0000000014bd0000, 0x00000000163d0000)

Polling page: 0x00000000011e0000

CodeCache: size=245760Kb used=9460Kb max_used=9460Kb free=236299Kb
 bounds [0x0000000003300000, 0x0000000003c50000, 0x0000000012300000]
 total_blobs=3272 nmethods=2601 adapters=584
 compilation: enabled

Compilation events (10 events):
Event: 10.060 Thread 0x0000000018fdd800 nmethod 2748 0x0000000003c39b10 code [0x0000000003c39c60, 0x0000000003c39d70]
Event: 10.060 Thread 0x0000000018fdd800 2749       3       com.google.common.cache.LocalCache::nullEntry (4 bytes)
Event: 10.060 Thread 0x0000000018fdd800 nmethod 2749 0x0000000003c39dd0 code [0x0000000003c39f20, 0x0000000003c3a050]
Event: 10.060 Thread 0x0000000018fdd800 2750       3       java.util.concurrent.atomic.AtomicInteger::set (6 bytes)
Event: 10.060 Thread 0x0000000018fdd800 nmethod 2750 0x0000000003c3a0d0 code [0x0000000003c3a220, 0x0000000003c3a370]
Event: 10.061 Thread 0x0000000018fdd800 2752       3       com.google.common.cache.LocalCache$StrongAccessEntry::setNextInAccessQueue (6 bytes)
Event: 10.061 Thread 0x0000000018fdd800 nmethod 2752 0x0000000003c3a3d0 code [0x0000000003c3a520, 0x0000000003c3a690]
Event: 10.061 Thread 0x0000000018fdd800 2751       1       com.google.common.cache.LocalCache$StrongAccessEntry::getNextInAccessQueue (5 bytes)
Event: 10.062 Thread 0x0000000018fdd800 nmethod 2751 0x0000000003c3a710 code [0x0000000003c3a860, 0x0000000003c3a970]
Event: 10.062 Thread 0x0000000018fdd800 2754       3       org.gradle.internal.serialize.kryo.KryoBackedEncoder::flush (8 bytes)

GC Heap History (10 events):
Event: 6.532 GC heap before
{Heap before GC invocations=4 (full 0):
 PSYoungGen      total 38400K, used 38368K [0x00000000e0000000, 0x00000000e2a80000, 0x0000000100000000)
  eden space 33280K, 100% used [0x00000000e0000000,0x00000000e2080000,0x00000000e2080000)
  from space 5120K, 99% used [0x00000000e2080000,0x00000000e2578020,0x00000000e2580000)
  to   space 5120K, 0% used [0x00000000e2580000,0x00000000e2580000,0x00000000e2a80000)
 ParOldGen       total 87552K, used 2083K [0x00000000a0000000, 0x00000000a5580000, 0x00000000e0000000)
  object space 87552K, 2% used [0x00000000a0000000,0x00000000a0208f78,0x00000000a5580000)
 Metaspace       used 16764K, capacity 17198K, committed 17536K, reserved 1064960K
  class space    used 2417K, capacity 2573K, committed 2688K, reserved 1048576K
Event: 6.546 GC heap after
Heap after GC invocations=4 (full 0):
 PSYoungGen      total 38400K, used 5104K [0x00000000e0000000, 0x00000000e2a80000, 0x0000000100000000)
  eden space 33280K, 0% used [0x00000000e0000000,0x00000000e0000000,0x00000000e2080000)
  from space 5120K, 99% used [0x00000000e2580000,0x00000000e2a7c010,0x00000000e2a80000)
  to   space 5120K, 0% used [0x00000000e2080000,0x00000000e2080000,0x00000000e2580000)
 ParOldGen       total 87552K, used 5404K [0x00000000a0000000, 0x00000000a5580000, 0x00000000e0000000)
  object space 87552K, 6% used [0x00000000a0000000,0x00000000a0547148,0x00000000a5580000)
 Metaspace       used 16764K, capacity 17198K, committed 17536K, reserved 1064960K
  class space    used 2417K, capacity 2573K, committed 2688K, reserved 1048576K
}
Event: 7.143 GC heap before
{Heap before GC invocations=5 (full 0):
 PSYoungGen      total 38400K, used 29535K [0x00000000e0000000, 0x00000000e2a80000, 0x0000000100000000)
  eden space 33280K, 73% used [0x00000000e0000000,0x00000000e17dbcb0,0x00000000e2080000)
  from space 5120K, 99% used [0x00000000e2580000,0x00000000e2a7c010,0x00000000e2a80000)
  to   space 5120K, 0% used [0x00000000e2080000,0x00000000e2080000,0x00000000e2580000)
 ParOldGen       total 87552K, used 5404K [0x00000000a0000000, 0x00000000a5580000, 0x00000000e0000000)
  object space 87552K, 6% used [0x00000000a0000000,0x00000000a0547148,0x00000000a5580000)
 Metaspace       used 20864K, capacity 21176K, committed 21248K, reserved 1067008K
  class space    used 2918K, capacity 3060K, committed 3072K, reserved 1048576K
Event: 7.156 GC heap after
Heap after GC invocations=5 (full 0):
 PSYoungGen      total 38400K, used 5092K [0x00000000e0000000, 0x00000000e5600000, 0x0000000100000000)
  eden space 33280K, 0% used [0x00000000e0000000,0x00000000e0000000,0x00000000e2080000)
  from space 5120K, 99% used [0x00000000e2080000,0x00000000e2579050,0x00000000e2580000)
  to   space 10752K, 0% used [0x00000000e4b80000,0x00000000e4b80000,0x00000000e5600000)
 ParOldGen       total 87552K, used 8821K [0x00000000a0000000, 0x00000000a5580000, 0x00000000e0000000)
  object space 87552K, 10% used [0x00000000a0000000,0x00000000a089d700,0x00000000a5580000)
 Metaspace       used 20864K, capacity 21176K, committed 21248K, reserved 1067008K
  class space    used 2918K, capacity 3060K, committed 3072K, reserved 1048576K
}
Event: 7.156 GC heap before
{Heap before GC invocations=6 (full 1):
 PSYoungGen      total 38400K, used 5092K [0x00000000e0000000, 0x00000000e5600000, 0x0000000100000000)
  eden space 33280K, 0% used [0x00000000e0000000,0x00000000e0000000,0x00000000e2080000)
  from space 5120K, 99% used [0x00000000e2080000,0x00000000e2579050,0x00000000e2580000)
  to   space 10752K, 0% used [0x00000000e4b80000,0x00000000e4b80000,0x00000000e5600000)
 ParOldGen       total 87552K, used 8821K [0x00000000a0000000, 0x00000000a5580000, 0x00000000e0000000)
  object space 87552K, 10% used [0x00000000a0000000,0x00000000a089d700,0x00000000a5580000)
 Metaspace       used 20864K, capacity 21176K, committed 21248K, reserved 1067008K
  class space    used 2918K, capacity 3060K, committed 3072K, reserved 1048576K
Event: 7.218 GC heap after
Heap after GC invocations=6 (full 1):
 PSYoungGen      total 38400K, used 0K [0x00000000e0000000, 0x00000000e5600000, 0x0000000100000000)
  eden space 33280K, 0% used [0x00000000e0000000,0x00000000e0000000,0x00000000e2080000)
  from space 5120K, 0% used [0x00000000e2080000,0x00000000e2080000,0x00000000e2580000)
  to   space 10752K, 0% used [0x00000000e4b80000,0x00000000e4b80000,0x00000000e5600000)
 ParOldGen       total 61440K, used 8754K [0x00000000a0000000, 0x00000000a3c00000, 0x00000000e0000000)
  object space 61440K, 14% used [0x00000000a0000000,0x00000000a088c990,0x00000000a3c00000)
 Metaspace       used 20864K, capacity 21176K, committed 21248K, reserved 1067008K
  class space    used 2918K, capacity 3060K, committed 3072K, reserved 1048576K
}
Event: 7.968 GC heap before
{Heap before GC invocations=7 (full 1):
 PSYoungGen      total 38400K, used 33280K [0x00000000e0000000, 0x00000000e5600000, 0x0000000100000000)
  eden space 33280K, 100% used [0x00000000e0000000,0x00000000e2080000,0x00000000e2080000)
  from space 5120K, 0% used [0x00000000e2080000,0x00000000e2080000,0x00000000e2580000)
  to   space 10752K, 0% used [0x00000000e4b80000,0x00000000e4b80000,0x00000000e5600000)
 ParOldGen       total 61440K, used 8754K [0x00000000a0000000, 0x00000000a3c00000, 0x00000000e0000000)
  object space 61440K, 14% used [0x00000000a0000000,0x00000000a088c990,0x00000000a3c00000)
 Metaspace       used 24178K, capacity 24578K, committed 24832K, reserved 1071104K
  class space    used 3320K, capacity 3484K, committed 3584K, reserved 1048576K
Event: 7.975 GC heap after
Heap after GC invocations=7 (full 1):
 PSYoungGen      total 56320K, used 3988K [0x00000000e0000000, 0x00000000e4f80000, 0x0000000100000000)
  eden space 52224K, 0% used [0x00000000e0000000,0x00000000e0000000,0x00000000e3300000)
  from space 4096K, 97% used [0x00000000e4b80000,0x00000000e4f65178,0x00000000e4f80000)
  to   space 10752K, 0% used [0x00000000e3a80000,0x00000000e3a80000,0x00000000e4500000)
 ParOldGen       total 61440K, used 8762K [0x00000000a0000000, 0x00000000a3c00000, 0x00000000e0000000)
  object space 61440K, 14% used [0x00000000a0000000,0x00000000a088e990,0x00000000a3c00000)
 Metaspace       used 24178K, capacity 24578K, committed 24832K, reserved 1071104K
  class space    used 3320K, capacity 3484K, committed 3584K, reserved 1048576K
}
Event: 8.977 GC heap before
{Heap before GC invocations=8 (full 1):
 PSYoungGen      total 56320K, used 56212K [0x00000000e0000000, 0x00000000e4f80000, 0x0000000100000000)
  eden space 52224K, 100% used [0x00000000e0000000,0x00000000e3300000,0x00000000e3300000)
  from space 4096K, 97% used [0x00000000e4b80000,0x00000000e4f65178,0x00000000e4f80000)
  to   space 10752K, 0% used [0x00000000e3a80000,0x00000000e3a80000,0x00000000e4500000)
 ParOldGen       total 61440K, used 8762K [0x00000000a0000000, 0x00000000a3c00000, 0x00000000e0000000)
  object space 61440K, 14% used [0x00000000a0000000,0x00000000a088e990,0x00000000a3c00000)
 Metaspace       used 27755K, capacity 28146K, committed 28416K, reserved 1073152K
  class space    used 3836K, capacity 4010K, committed 4096K, reserved 1048576K
Event: 8.989 GC heap after
Heap after GC invocations=8 (full 1):
 PSYoungGen      total 70656K, used 6597K [0x00000000e0000000, 0x00000000e6480000, 0x0000000100000000)
  eden space 59904K, 0% used [0x00000000e0000000,0x00000000e0000000,0x00000000e3a80000)
  from space 10752K, 61% used [0x00000000e3a80000,0x00000000e40f14f8,0x00000000e4500000)
  to   space 10240K, 0% used [0x00000000e5a80000,0x00000000e5a80000,0x00000000e6480000)
 ParOldGen       total 61440K, used 8770K [0x00000000a0000000, 0x00000000a3c00000, 0x00000000e0000000)
  object space 61440K, 14% used [0x00000000a0000000,0x00000000a0890990,0x00000000a3c00000)
 Metaspace       used 27755K, capacity 28146K, committed 28416K, reserved 1073152K
  class space    used 3836K, capacity 4010K, committed 4096K, reserved 1048576K
}

Deoptimization events (10 events):
Event: 8.007 Thread 0x000000001afcc800 Uncommon trap: reason=unstable_if action=reinterpret pc=0x000000000373dbdc method=java.util.HashMap.putVal(ILjava/lang/Object;Ljava/lang/Object;ZZ)Ljava/lang/Object; @ 85
Event: 8.034 Thread 0x000000001afcc800 Uncommon trap: reason=unstable_if action=reinterpret pc=0x00000000035b2830 method=java.util.LinkedHashMap.afterNodeInsertion(Z)V @ 1
Event: 8.367 Thread 0x000000001afcc800 Uncommon trap: reason=class_check action=maybe_recompile pc=0x0000000003857f10 method=sun.misc.URLClassPath.getLoader(I)Lsun/misc/URLClassPath$Loader; @ 94
Event: 8.531 Thread 0x000000001afcc800 Uncommon trap: reason=unstable_if action=reinterpret pc=0x00000000035814cc method=java.io.WinNTFileSystem.resolve(Ljava/lang/String;Ljava/lang/String;)Ljava/lang/String; @ 49
Event: 9.821 Thread 0x000000001afcc800 Uncommon trap: reason=unstable_if action=reinterpret pc=0x00000000035bd74c method=java.util.concurrent.ConcurrentHashMap.get(Ljava/lang/Object;)Ljava/lang/Object; @ 152
Event: 9.821 Thread 0x000000001afcc800 Uncommon trap: reason=class_check action=maybe_recompile pc=0x00000000037f7020 method=java.util.concurrent.ConcurrentHashMap.putVal(Ljava/lang/Object;Ljava/lang/Object;Z)Ljava/lang/Object; @ 192
Event: 9.832 Thread 0x000000001afcc800 Uncommon trap: reason=class_check action=maybe_recompile pc=0x00000000037f7020 method=java.util.concurrent.ConcurrentHashMap.putVal(Ljava/lang/Object;Ljava/lang/Object;Z)Ljava/lang/Object; @ 192
Event: 9.833 Thread 0x000000001afcc800 Uncommon trap: reason=class_check action=maybe_recompile pc=0x00000000037f7020 method=java.util.concurrent.ConcurrentHashMap.putVal(Ljava/lang/Object;Ljava/lang/Object;Z)Ljava/lang/Object; @ 192
Event: 9.946 Thread 0x000000001d2e2000 Uncommon trap: reason=unstable_if action=reinterpret pc=0x00000000037f6e94 method=java.util.concurrent.ConcurrentHashMap.addCount(JI)V @ 34
Event: 9.960 Thread 0x000000001d2e2000 Uncommon trap: reason=unstable_if action=reinterpret pc=0x0000000003752478 method=java.util.concurrent.ConcurrentHashMap.addCount(JI)V @ 7

Classes redefined (0 events):
No events

Internal exceptions (10 events):
Event: 8.609 Thread 0x000000001afcc800 Exception <a 'java/lang/ClassNotFoundException': org/gradle/api/internal/DefaultDomainObjectCollectionCustomizer> (0x00000000e1d7de70) thrown at [D:\src\AOSP-openjdk-cygwin\jdk8u\hotspot\src\share\vm\classfile\systemDictionary.cpp, line 210]
Event: 8.613 Thread 0x000000001afcc800 Exception <a 'java/lang/ClassNotFoundException': org/gradle/api/internal/DefaultNamedDomainObjectCollectionCustomizer> (0x00000000e1dd8fd0) thrown at [D:\src\AOSP-openjdk-cygwin\jdk8u\hotspot\src\share\vm\classfile\systemDictionary.cpp, line 210]
Event: 8.622 Thread 0x000000001afcc800 Exception <a 'java/lang/ClassNotFoundException': org/gradle/api/internal/DefaultNamedDomainObjectListCustomizer> (0x00000000e1e4f280) thrown at [D:\src\AOSP-openjdk-cygwin\jdk8u\hotspot\src\share\vm\classfile\systemDictionary.cpp, line 210]
Event: 8.628 Thread 0x000000001afcc800 Exception <a 'java/lang/ClassNotFoundException': org/gradle/api/internal/artifacts/DefaultArtifactRepositoryContainerCustomizer> (0x00000000e1ec2f30) thrown at [D:\src\AOSP-openjdk-cygwin\jdk8u\hotspot\src\share\vm\classfile\systemDictionary.cpp, line 210
Event: 8.633 Thread 0x000000001afcc800 Exception <a 'java/lang/ClassNotFoundException': org/gradle/api/internal/artifacts/dsl/DefaultRepositoryHandlerCustomizer> (0x00000000e1f290b0) thrown at [D:\src\AOSP-openjdk-cygwin\jdk8u\hotspot\src\share\vm\classfile\systemDictionary.cpp, line 210]
Event: 8.641 Thread 0x000000001afcc800 Exception <a 'java/lang/ClassNotFoundException': org/gradle/api/internal/artifacts/dsl/DefaultRepositoryHandler_DecoratedCustomizer> (0x00000000e1f98670) thrown at [D:\src\AOSP-openjdk-cygwin\jdk8u\hotspot\src\share\vm\classfile\systemDictionary.cpp, line
Event: 9.097 Thread 0x000000001afcc800 Exception <a 'java/lang/ClassNotFoundException': org/gradle/api/internal/artifacts/dsl/dependencies/DefaultDependencyHandler_DecoratedBeanInfo> (0x00000000e069df70) thrown at [D:\src\AOSP-openjdk-cygwin\jdk8u\hotspot\src\share\vm\classfile\systemDictionar
Event: 9.098 Thread 0x000000001afcc800 Exception <a 'java/lang/ClassNotFoundException': org/gradle/api/internal/artifacts/dsl/dependencies/DefaultDependencyHandlerBeanInfo> (0x00000000e06f02d8) thrown at [D:\src\AOSP-openjdk-cygwin\jdk8u\hotspot\src\share\vm\classfile\systemDictionary.cpp, lin
Event: 9.100 Thread 0x000000001afcc800 Exception <a 'java/lang/ClassNotFoundException': org/gradle/api/internal/artifacts/dsl/dependencies/DefaultDependencyHandlerCustomizer> (0x00000000e0743550) thrown at [D:\src\AOSP-openjdk-cygwin\jdk8u\hotspot\src\share\vm\classfile\systemDictionary.cpp, l
Event: 9.102 Thread 0x000000001afcc800 Exception <a 'java/lang/ClassNotFoundException': org/gradle/api/internal/artifacts/dsl/dependencies/DefaultDependencyHandler_DecoratedCustomizer> (0x00000000e07bdc58) thrown at [D:\src\AOSP-openjdk-cygwin\jdk8u\hotspot\src\share\vm\classfile\systemDiction

Events (10 events):
Event: 10.042 loading class org/gradle/api/internal/changedetection/state/DefaultFileSystemSnapshotter$InternableString
Event: 10.042 loading class org/gradle/api/internal/changedetection/state/DefaultFileSystemSnapshotter$InternableString done
Event: 10.043 loading class org/gradle/internal/MutableBoolean
Event: 10.043 loading class org/gradle/internal/MutableBoolean done
Event: 10.043 loading class org/gradle/api/internal/changedetection/state/DefaultFileSystemSnapshotter$5
Event: 10.043 loading class org/gradle/api/internal/changedetection/state/DefaultFileSystemSnapshotter$5 done
Event: 10.043 loading class org/gradle/api/internal/changedetection/state/mirror/PhysicalFileSnapshot
Event: 10.044 loading class org/gradle/api/internal/changedetection/state/mirror/PhysicalFileSnapshot done
Event: 10.044 loading class org/gradle/api/internal/changedetection/state/mirror/AbstractPhysicalSnapshot
Event: 10.044 loading class org/gradle/api/internal/changedetection/state/mirror/AbstractPhysicalSnapshot done


Dynamic libraries:
0x00007ff77b1e0000 - 0x00007ff77b211000 	C:\Program Files\Android\Android Studio\jre\bin\java.exe
0x00007ffba9cb0000 - 0x00007ffba9e91000 	C:\WINDOWS\SYSTEM32\ntdll.dll
0x00007ffba8580000 - 0x00007ffba8632000 	C:\WINDOWS\System32\KERNEL32.DLL
0x00007ffba64a0000 - 0x00007ffba6713000 	C:\WINDOWS\System32\KERNELBASE.dll
0x00007ffba9570000 - 0x00007ffba9611000 	C:\WINDOWS\System32\ADVAPI32.dll
0x00007ffba94d0000 - 0x00007ffba956e000 	C:\WINDOWS\System32\msvcrt.dll
0x00007ffba8640000 - 0x00007ffba869b000 	C:\WINDOWS\System32\sechost.dll
0x00007ffba9620000 - 0x00007ffba9744000 	C:\WINDOWS\System32\RPCRT4.dll
0x00007ffba8b30000 - 0x00007ffba8cc0000 	C:\WINDOWS\System32\USER32.dll
0x00007ffba6970000 - 0x00007ffba6990000 	C:\WINDOWS\System32\win32u.dll
0x00007ffba86b0000 - 0x00007ffba86d8000 	C:\WINDOWS\System32\GDI32.dll
0x00007ffba67d0000 - 0x00007ffba6962000 	C:\WINDOWS\System32\gdi32full.dll
0x00007ffba70a0000 - 0x00007ffba713f000 	C:\WINDOWS\System32\msvcp_win.dll
0x00007ffba60d0000 - 0x00007ffba61ca000 	C:\WINDOWS\System32\ucrtbase.dll
0x00007ffb94dd0000 - 0x00007ffb95039000 	C:\WINDOWS\WinSxS\amd64_microsoft.windows.common-controls_6595b64144ccf1df_6.0.17134.523_none_fb409dd930672a56\COMCTL32.dll
0x00007ffba90b0000 - 0x00007ffba93d2000 	C:\WINDOWS\System32\combase.dll
0x00007ffba6420000 - 0x00007ffba649a000 	C:\WINDOWS\System32\bcryptPrimitives.dll
0x00007ffba9ab0000 - 0x00007ffba9add000 	C:\WINDOWS\System32\IMM32.DLL
0x000000006cb80000 - 0x000000006cc52000 	C:\Program Files\Android\Android Studio\jre\jre\bin\msvcr100.dll
0x000000006cd40000 - 0x000000006d581000 	C:\Program Files\Android\Android Studio\jre\jre\bin\server\jvm.dll
0x00007ffba9010000 - 0x00007ffba9018000 	C:\WINDOWS\System32\PSAPI.DLL
0x00007ffba4030000 - 0x00007ffba4053000 	C:\WINDOWS\SYSTEM32\WINMM.dll
0x00007ffb8a300000 - 0x00007ffb8a309000 	C:\WINDOWS\SYSTEM32\WSOCK32.dll
0x00007ffb9b3d0000 - 0x00007ffb9b3da000 	C:\WINDOWS\SYSTEM32\VERSION.dll
0x00007ffba9040000 - 0x00007ffba90ac000 	C:\WINDOWS\System32\WS2_32.dll
0x00007ffba3cc0000 - 0x00007ffba3cea000 	C:\WINDOWS\SYSTEM32\winmmbase.dll
0x00007ffba6080000 - 0x00007ffba60c9000 	C:\WINDOWS\System32\cfgmgr32.dll
0x00007ffb86c90000 - 0x00007ffb86c9f000 	C:\Program Files\Android\Android Studio\jre\jre\bin\verify.dll
0x00007ffb7d150000 - 0x00007ffb7d179000 	C:\Program Files\Android\Android Studio\jre\jre\bin\java.dll
0x00007ffb811c0000 - 0x00007ffb811d6000 	C:\Program Files\Android\Android Studio\jre\jre\bin\zip.dll
0x00007ffba7140000 - 0x00007ffba8580000 	C:\WINDOWS\System32\SHELL32.dll
0x00007ffba98a0000 - 0x00007ffba9949000 	C:\WINDOWS\System32\shcore.dll
0x00007ffba6990000 - 0x00007ffba709d000 	C:\WINDOWS\System32\windows.storage.dll
0x00007ffba9750000 - 0x00007ffba97a1000 	C:\WINDOWS\System32\shlwapi.dll
0x00007ffba5ff0000 - 0x00007ffba6001000 	C:\WINDOWS\System32\kernel.appcore.dll
0x00007ffba6060000 - 0x00007ffba607f000 	C:\WINDOWS\System32\profapi.dll
0x00007ffba6010000 - 0x00007ffba605c000 	C:\WINDOWS\System32\powrprof.dll
0x00007ffba5fc0000 - 0x00007ffba5fca000 	C:\WINDOWS\System32\FLTLIB.DLL
0x00007ffb80b50000 - 0x00007ffb80b6a000 	C:\Program Files\Android\Android Studio\jre\jre\bin\net.dll
0x00007ffba5840000 - 0x00007ffba58a6000 	C:\WINDOWS\system32\mswsock.dll
0x00007ffb80790000 - 0x00007ffb807a1000 	C:\Program Files\Android\Android Studio\jre\jre\bin\nio.dll
0x00007ffb85b40000 - 0x00007ffb85b5e000 	C:\Users\faaiz\.gradle\native\25\windows-amd64\native-platform.dll
0x00007ffb85a70000 - 0x00007ffb85a7d000 	C:\Program Files\Android\Android Studio\jre\jre\bin\management.dll
0x00007ffba59f0000 - 0x00007ffba5a07000 	C:\WINDOWS\SYSTEM32\CRYPTSP.dll
0x00007ffba5420000 - 0x00007ffba5453000 	C:\WINDOWS\system32\rsaenh.dll
0x00007ffba5b20000 - 0x00007ffba5b45000 	C:\WINDOWS\SYSTEM32\bcrypt.dll
0x00007ffba5ec0000 - 0x00007ffba5ee8000 	C:\WINDOWS\SYSTEM32\USERENV.dll
0x00007ffba5a10000 - 0x00007ffba5a1b000 	C:\WINDOWS\SYSTEM32\CRYPTBASE.dll
0x00007ffba55c0000 - 0x00007ffba55f8000 	C:\WINDOWS\SYSTEM32\IPHLPAPI.DLL
0x00007ffba86a0000 - 0x00007ffba86a8000 	C:\WINDOWS\System32\NSI.dll
0x00007ffb9af80000 - 0x00007ffb9af96000 	C:\WINDOWS\SYSTEM32\dhcpcsvc6.DLL
0x00007ffb9b1a0000 - 0x00007ffb9b1ba000 	C:\WINDOWS\SYSTEM32\dhcpcsvc.DLL

VM Arguments:
jvm_args: -Xmx1536m -Dfile.encoding=windows-1252 -Duser.country=US -Duser.language=en -Duser.variant 
java_command: org.gradle.launcher.daemon.bootstrap.GradleDaemon 4.10.1
java_class_path (initial): C:\Users\faaiz\.gradle\wrapper\dists\gradle-4.10.1-all\455itskqi2qtf0v2sja68alqd\gradle-4.10.1\lib\gradle-launcher-4.10.1.jar
Launcher Type: SUN_STANDARD

Environment Variables:
PATH=C:\Program Files (x86)\Common Files\Oracle\Java\javapath;C:\Program Files (x86)\Intel\iCLS Client\;C:\Program Files\Intel\iCLS Client\;C:\Windows\system32;C:\Windows;C:\Windows\System32\Wbem;C:\Windows\System32\WindowsPowerShell\v1.0\;C:\Program Files (x86)\Intel\Intel(R) Management Engine Components\DAL;C:\Program Files\Intel\Intel(R) Management Engine Components\DAL;C:\Program Files (x86)\Intel\Intel(R) Management Engine Components\IPT;C:\Program Files\Intel\Intel(R) Management Engine Components\IPT;C:\Program Files (x86)\NVIDIA Corporation\PhysX\Common;C:\Program Files\Intel\WiFi\bin\;C:\Program Files\Common Files\Intel\WirelessCommon\;C:\WINDOWS\system32;C:\WINDOWS;C:\WINDOWS\System32\Wbem;C:\WINDOWS\System32\WindowsPowerShell\v1.0\;C:\WINDOWS\System32\OpenSSH\;C:\Program Files\nodejs\;C:\Program Files\Git\cmd;C:\Program Files\NVIDIA Corporation\NVIDIA NvDLISR;C:\Users\faaiz\AppData\Local\Microsoft\WindowsApps;C:\Users\faaiz\AppData\Local\GitHubDesktop\bin;C:\Users\faaiz\AppData\Roaming\npm;C:\Users\faaiz\AppData\Local\Programs\Microsoft VS Code\bin
USERNAME=faaiz
OS=Windows_NT
PROCESSOR_IDENTIFIER=Intel64 Family 6 Model 142 Stepping 10, GenuineIntel



---------------  S Y S T E M  ---------------

OS: Windows 10.0 , 64 bit Build 17134 (10.0.17134.1)

CPU:total 8 (initial active 8) (4 cores per cpu, 2 threads per core) family 6 model 142 stepping 10, cmov, cx8, fxsr, mmx, sse, sse2, sse3, ssse3, sse4.1, sse4.2, popcnt, avx, avx2, aes, clmul, erms, 3dnowpref, lzcnt, ht, tsc, tscinvbit, bmi1, bmi2, adx

Memory: 4k page, physical 8262884k(1243936k free), swap 11117796k(5684k free)

vm_info: OpenJDK 64-Bit Server VM (25.152-b01) for windows-amd64 JRE (1.8.0_152-release-1248-b01), built by "builder" with MS VC++ 10.0 (VS2010)

time: Thu Feb 21 23:39:12 2019
elapsed time: 10 seconds (0d 0h 0m 10s)

